<?xml version="1.0" encoding="UTF-8"?>
<!-- Generated by org.testng.reporters.JUnitReportReporter -->
<testsuite skipped="0" hostname="MAA2-LT18YYLC2" name="testcases.Tc001" tests="1" failures="0" timestamp="2020-01-01T17:16:01 IST" time="11.351" errors="0">
  <testcase name="loginlogout" time="11.351" classname="testcases.Tc001"/>
</testsuite> <!-- testcases.Tc001 -->
